This file contains any messages produced by compilers while
running configure, to aid debugging if configure makes a mistake.

It was created by dbus configure 1.13.14, which was
generated by GNU Autoconf 2.69.  Invocation command line was

  $ ./configure --sysconfdir=/etc --localstatedir=/var --enable-user-session --disable-asserts --prefix=/usr --without-x

## --------- ##
## Platform. ##
## --------- ##

hostname = berries
uname -m = x86_64
uname -r = 5.6.4-1-default
uname -s = Linux
uname -v = #1 SMP Mon Apr 13 18:13:21 UTC 2020 (e42da4f)

/usr/bin/uname -p = unknown
/bin/uname -X     = unknown

/bin/arch              = x86_64
/usr/bin/arch -k       = x86_64
/usr/convex/getsysinfo = unknown
/usr/bin/hostinfo      = unknown
/bin/machine           = unknown
/usr/bin/oslevel       = unknown
/bin/universe          = unknown

PATH: /usr/local/sbin
PATH: /usr/local/bin
PATH: /usr/bin
PATH: /usr/sbin
PATH: /sbin
PATH: /bin


## ----------- ##
## Core tests. ##
## ----------- ##

configure:3093: checking build system type
configure:3107: result: x86_64-pc-linux-musl
configure:3127: checking host system type
configure:3140: result: x86_64-pc-linux-musl
configure:3181: checking for a BSD-compatible install
configure:3249: result: /usr/bin/install -c
configure:3260: checking whether build environment is sane
configure:3315: result: yes
configure:3466: checking for a thread-safe mkdir -p
configure:3505: result: build-aux/install-sh -c -d
configure:3512: checking for gawk
configure:3542: result: no
configure:3512: checking for mawk
configure:3542: result: no
configure:3512: checking for nawk
configure:3542: result: no
configure:3512: checking for awk
configure:3528: found /usr/bin/awk
configure:3539: result: awk
configure:3550: checking whether make sets $(MAKE)
configure:3572: result: yes
configure:3601: checking whether make supports nested variables
configure:3618: result: yes
configure:3707: checking whether UID '0' is supported by ustar format
configure:3710: result: yes
configure:3717: checking whether GID '0' is supported by ustar format
configure:3720: result: yes
configure:3728: checking how to create a ustar tar archive
configure:3739: tar --version
tar (busybox) 1.31.1
configure:3742: $? = 0
configure:3782: tardir=conftest.dir && eval tar --format=ustar -chf - "$tardir" >conftest.tar
tar: unrecognized option: format=ustar
BusyBox v1.31.1 (2020-04-23 12:25:12 UTC) multi-call binary.

Usage: tar c|x|t [-ZzJjahmvokO] [-f TARFILE] [-C DIR] [-T FILE] [-X FILE] [--exclude PATTERN]... [FILE]...

Create, extract, or list files from a tar file

	c	Create
	x	Extract
	t	List
	-f FILE	Name of TARFILE ('-' for stdin/out)
	-C DIR	Change to DIR before operation
	-v	Verbose
	-O	Extract to stdout
	-m	Don't restore mtime
	-o	Don't restore user:group
	-k	Don't replace existing files
	-Z	(De)compress using compress
	-z	(De)compress using gzip
	-J	(De)compress using xz
	-j	(De)compress using bzip2
	-a	(De)compress using lzma
	-h	Follow symlinks
	-T FILE	File with names to include
	-X FILE	File with glob patterns to exclude
	--exclude PATTERN	Glob pattern to exclude
configure:3785: $? = 1
configure:3782: tardir=conftest.dir && eval pax -L -x ustar -w "$tardir" >conftest.tar
./configure: eval: line 1: pax: not found
configure:3785: $? = 127
configure:3782: tardir=conftest.dir && eval find "$tardir" -print | cpio -o -H ustar -L >conftest.tar
BusyBox v1.31.1 (2020-04-23 12:25:12 UTC) multi-call binary.

Usage: cpio [-dmvu] [-F FILE] [-R USER[:GRP]] [-H newc] [-tio] [-p DIR] [EXTR_FILE]...

Extract (-i) or list (-t) files from a cpio archive, or
take file list from stdin and create an archive (-o) or copy files (-p)

Main operation mode:
	-t	List
	-i	Extract EXTR_FILEs (or all)
	-o	Create (requires -H newc)
	-p DIR	Copy files to DIR
Options:
	-H newc	Archive format
	-d	Make leading directories
	-m	Preserve mtime
	-v	Verbose
	-u	Overwrite
	-F FILE	Input (-t,-i,-p) or output (-o) file
	-R USER[:GRP]	Set owner of created files
	-L	Dereference symlinks
	-0	Input is separated by NULs
configure:3785: $? = 1
configure:3782: tardir=conftest.dir && eval false >conftest.tar
configure:3785: $? = 1
configure:3810: result: none
configure:3872: checking whether to enable maintainer-specific portions of Makefiles
configure:3881: result: yes
configure:3906: checking whether make supports nested variables
configure:3923: result: yes
configure:3998: checking whether to enable debugging
configure:4060: result: no
configure:4138: checking for gcc
configure:4154: found /usr/bin/gcc
configure:4165: result: gcc
configure:4394: checking for C compiler version
configure:4403: gcc --version >&5
gcc (GCC) 9.3.0
Copyright (C) 2019 Free Software Foundation, Inc.
This is free software; see the source for copying conditions.  There is NO
warranty; not even for MERCHANTABILITY or FITNESS FOR A PARTICULAR PURPOSE.

configure:4414: $? = 0
configure:4403: gcc -v >&5
Using built-in specs.
COLLECT_GCC=gcc
COLLECT_LTO_WRAPPER=/usr/libexec/gcc/x86_64-pc-linux-musl/9.3.0/lto-wrapper
Target: x86_64-pc-linux-musl
Configured with: ../gcc/configure --prefix=/usr --disable-multilib --disable-symvers --disable-libmpx --disable-libmudflap --disable-libsanitizer --disable-werror --disable-fixed-point --disable-libstdcxx-pch --disable-nls --without-included-gettext --enable-checking=release --mandir=/usr/share/man --infodir=/usr/share/info --with-system-zlib --enable-__cxa_atexit --enable-default-pie --enable-default-ssp --enable-shared --enable-threads --enable-tls --enable-languages=c,c++ --build=x86_64-pc-linux-musl --disable-bootstrap
Thread model: posix
gcc version 9.3.0 (GCC) 
configure:4414: $? = 0
configure:4403: gcc -V >&5
gcc: error: unrecognized command line option '-V'
gcc: fatal error: no input files
compilation terminated.
configure:4414: $? = 1
configure:4403: gcc -qversion >&5
gcc: error: unrecognized command line option '-qversion'; did you mean '--version'?
gcc: fatal error: no input files
compilation terminated.
configure:4414: $? = 1
configure:4434: checking whether the C compiler works
configure:4456: gcc -march=x86-64 -mtune=generic -pipe -Os   conftest.c  >&5
configure:4460: $? = 0
configure:4508: result: yes
configure:4511: checking for C compiler default output file name
configure:4513: result: a.out
configure:4519: checking for suffix of executables
configure:4526: gcc -o conftest -march=x86-64 -mtune=generic -pipe -Os   conftest.c  >&5
configure:4530: $? = 0
configure:4552: result: 
configure:4574: checking whether we are cross compiling
configure:4582: gcc -o conftest -march=x86-64 -mtune=generic -pipe -Os   conftest.c  >&5
configure:4586: $? = 0
configure:4593: ./conftest
configure:4597: $? = 0
configure:4612: result: no
configure:4617: checking for suffix of object files
configure:4639: gcc -c -march=x86-64 -mtune=generic -pipe -Os  conftest.c >&5
configure:4643: $? = 0
configure:4664: result: o
configure:4668: checking whether we are using the GNU C compiler
configure:4687: gcc -c -march=x86-64 -mtune=generic -pipe -Os  conftest.c >&5
configure:4687: $? = 0
configure:4696: result: yes
configure:4705: checking whether gcc accepts -g
configure:4725: gcc -c -g  conftest.c >&5
configure:4725: $? = 0
configure:4766: result: yes
configure:4783: checking for gcc option to accept ISO C89
configure:4846: gcc  -c -march=x86-64 -mtune=generic -pipe -Os  conftest.c >&5
configure:4846: $? = 0
configure:4859: result: none needed
configure:4884: checking whether gcc understands -c and -o together
configure:4906: gcc -c conftest.c -o conftest2.o
configure:4909: $? = 0
configure:4906: gcc -c conftest.c -o conftest2.o
configure:4909: $? = 0
configure:4921: result: yes
configure:4941: checking whether make supports the include directive
configure:4956: make -f confmf.GNU && cat confinc.out
this is the am__doit target
configure:4959: $? = 0
configure:4978: result: yes (GNU style)
configure:5003: checking dependency style of gcc
configure:5114: result: gcc3
configure:5188: checking for g++
configure:5204: found /usr/bin/g++
configure:5215: result: g++
configure:5242: checking for C++ compiler version
configure:5251: g++ --version >&5
g++ (GCC) 9.3.0
Copyright (C) 2019 Free Software Foundation, Inc.
This is free software; see the source for copying conditions.  There is NO
warranty; not even for MERCHANTABILITY or FITNESS FOR A PARTICULAR PURPOSE.

configure:5262: $? = 0
configure:5251: g++ -v >&5
Using built-in specs.
COLLECT_GCC=g++
COLLECT_LTO_WRAPPER=/usr/libexec/gcc/x86_64-pc-linux-musl/9.3.0/lto-wrapper
Target: x86_64-pc-linux-musl
Configured with: ../gcc/configure --prefix=/usr --disable-multilib --disable-symvers --disable-libmpx --disable-libmudflap --disable-libsanitizer --disable-werror --disable-fixed-point --disable-libstdcxx-pch --disable-nls --without-included-gettext --enable-checking=release --mandir=/usr/share/man --infodir=/usr/share/info --with-system-zlib --enable-__cxa_atexit --enable-default-pie --enable-default-ssp --enable-shared --enable-threads --enable-tls --enable-languages=c,c++ --build=x86_64-pc-linux-musl --disable-bootstrap
Thread model: posix
gcc version 9.3.0 (GCC) 
configure:5262: $? = 0
configure:5251: g++ -V >&5
g++: error: unrecognized command line option '-V'
g++: fatal error: no input files
compilation terminated.
configure:5262: $? = 1
configure:5251: g++ -qversion >&5
g++: error: unrecognized command line option '-qversion'; did you mean '--version'?
g++: fatal error: no input files
compilation terminated.
configure:5262: $? = 1
configure:5266: checking whether we are using the GNU C++ compiler
configure:5285: g++ -c -march=x86-64 -mtune=generic -pipe -Os  conftest.cpp >&5
configure:5285: $? = 0
configure:5294: result: yes
configure:5303: checking whether g++ accepts -g
configure:5323: g++ -c -g  conftest.cpp >&5
configure:5323: $? = 0
configure:5364: result: yes
configure:5389: checking dependency style of g++
configure:5500: result: gcc3
configure:5521: checking how to run the C preprocessor
configure:5552: gcc -E  conftest.c
configure:5552: $? = 0
configure:5566: gcc -E  conftest.c
conftest.c:14:10: fatal error: ac_nonexistent.h: No such file or directory
   14 | #include <ac_nonexistent.h>
      |          ^~~~~~~~~~~~~~~~~~
compilation terminated.
configure:5566: $? = 1
configure: failed program was:
| /* confdefs.h */
| #define PACKAGE_NAME "dbus"
| #define PACKAGE_TARNAME "dbus"
| #define PACKAGE_VERSION "1.13.14"
| #define PACKAGE_STRING "dbus 1.13.14"
| #define PACKAGE_BUGREPORT "https://gitlab.freedesktop.org/dbus/dbus/issues"
| #define PACKAGE_URL ""
| #define PACKAGE "dbus"
| #define VERSION "1.13.14"
| #define GETTEXT_PACKAGE "dbus-1"
| #define DBUS_DAEMON_NAME "dbus-daemon"
| #define NDEBUG 1
| /* end confdefs.h.  */
| #include <ac_nonexistent.h>
configure:5591: result: gcc -E
configure:5611: gcc -E  conftest.c
configure:5611: $? = 0
configure:5625: gcc -E  conftest.c
conftest.c:14:10: fatal error: ac_nonexistent.h: No such file or directory
   14 | #include <ac_nonexistent.h>
      |          ^~~~~~~~~~~~~~~~~~
compilation terminated.
configure:5625: $? = 1
configure: failed program was:
| /* confdefs.h */
| #define PACKAGE_NAME "dbus"
| #define PACKAGE_TARNAME "dbus"
| #define PACKAGE_VERSION "1.13.14"
| #define PACKAGE_STRING "dbus 1.13.14"
| #define PACKAGE_BUGREPORT "https://gitlab.freedesktop.org/dbus/dbus/issues"
| #define PACKAGE_URL ""
| #define PACKAGE "dbus"
| #define VERSION "1.13.14"
| #define GETTEXT_PACKAGE "dbus-1"
| #define DBUS_DAEMON_NAME "dbus-daemon"
| #define NDEBUG 1
| /* end confdefs.h.  */
| #include <ac_nonexistent.h>
configure:5654: checking for grep that handles long lines and -e
configure:5712: result: /usr/bin/grep
configure:5717: checking for egrep
configure:5779: result: /usr/bin/grep -E
configure:5784: checking for ANSI C header files
configure:5804: gcc -c -march=x86-64 -mtune=generic -pipe -Os  conftest.c >&5
configure:5804: $? = 0
configure:5877: gcc -o conftest -march=x86-64 -mtune=generic -pipe -Os   conftest.c  >&5
configure:5877: $? = 0
configure:5877: ./conftest
configure:5877: $? = 0
configure:5888: result: yes
configure:5901: checking for sys/types.h
configure:5901: gcc -c -march=x86-64 -mtune=generic -pipe -Os  conftest.c >&5
configure:5901: $? = 0
configure:5901: result: yes
configure:5901: checking for sys/stat.h
configure:5901: gcc -c -march=x86-64 -mtune=generic -pipe -Os  conftest.c >&5
configure:5901: $? = 0
configure:5901: result: yes
configure:5901: checking for stdlib.h
configure:5901: gcc -c -march=x86-64 -mtune=generic -pipe -Os  conftest.c >&5
configure:5901: $? = 0
configure:5901: result: yes
configure:5901: checking for string.h
configure:5901: gcc -c -march=x86-64 -mtune=generic -pipe -Os  conftest.c >&5
configure:5901: $? = 0
configure:5901: result: yes
configure:5901: checking for memory.h
configure:5901: gcc -c -march=x86-64 -mtune=generic -pipe -Os  conftest.c >&5

## ---------------- ##
## Cache variables. ##
## ---------------- ##

ac_cv_build='x86_64-pc-linux-musl'
ac_cv_c_compiler_gnu='yes'
ac_cv_cxx_compiler_gnu='yes'
ac_cv_env_APPARMOR_2_10_CFLAGS_set=''
ac_cv_env_APPARMOR_2_10_CFLAGS_value=''
ac_cv_env_APPARMOR_2_10_LIBS_set=''
ac_cv_env_APPARMOR_2_10_LIBS_value=''
ac_cv_env_APPARMOR_CFLAGS_set=''
ac_cv_env_APPARMOR_CFLAGS_value=''
ac_cv_env_APPARMOR_LIBS_set=''
ac_cv_env_APPARMOR_LIBS_value=''
ac_cv_env_CCC_set=''
ac_cv_env_CCC_value=''
ac_cv_env_CC_set=''
ac_cv_env_CC_value=''
ac_cv_env_CFLAGS_set='set'
ac_cv_env_CFLAGS_value='-march=x86-64 -mtune=generic -pipe -Os'
ac_cv_env_CPPFLAGS_set=''
ac_cv_env_CPPFLAGS_value=''
ac_cv_env_CPP_set=''
ac_cv_env_CPP_value=''
ac_cv_env_CXXCPP_set=''
ac_cv_env_CXXCPP_value=''
ac_cv_env_CXXFLAGS_set='set'
ac_cv_env_CXXFLAGS_value='-march=x86-64 -mtune=generic -pipe -Os'
ac_cv_env_CXX_set=''
ac_cv_env_CXX_value=''
ac_cv_env_EXPAT_CFLAGS_set=''
ac_cv_env_EXPAT_CFLAGS_value=''
ac_cv_env_EXPAT_LIBS_set=''
ac_cv_env_EXPAT_LIBS_value=''
ac_cv_env_GIO_UNIX_CFLAGS_set=''
ac_cv_env_GIO_UNIX_CFLAGS_value=''
ac_cv_env_GIO_UNIX_LIBS_set=''
ac_cv_env_GIO_UNIX_LIBS_value=''
ac_cv_env_GLIB_CFLAGS_set=''
ac_cv_env_GLIB_CFLAGS_value=''
ac_cv_env_GLIB_LIBS_set=''
ac_cv_env_GLIB_LIBS_value=''
ac_cv_env_LDFLAGS_set=''
ac_cv_env_LDFLAGS_value=''
ac_cv_env_LIBS_set=''
ac_cv_env_LIBS_value=''
ac_cv_env_LT_SYS_LIBRARY_PATH_set=''
ac_cv_env_LT_SYS_LIBRARY_PATH_value=''
ac_cv_env_PKG_CONFIG_set=''
ac_cv_env_PKG_CONFIG_value=''
ac_cv_env_SANITIZE_CFLAGS_set=''
ac_cv_env_SANITIZE_CFLAGS_value=''
ac_cv_env_SELINUX_CFLAGS_set=''
ac_cv_env_SELINUX_CFLAGS_value=''
ac_cv_env_SELINUX_LIBS_set=''
ac_cv_env_SELINUX_LIBS_value=''
ac_cv_env_SYSTEMD_CFLAGS_set=''
ac_cv_env_SYSTEMD_CFLAGS_value=''
ac_cv_env_SYSTEMD_LIBS_set=''
ac_cv_env_SYSTEMD_LIBS_value=''
ac_cv_env_THREAD_LIBS_set=''
ac_cv_env_THREAD_LIBS_value=''
ac_cv_env_VALGRIND_CFLAGS_set=''
ac_cv_env_VALGRIND_CFLAGS_value=''
ac_cv_env_VALGRIND_LIBS_set=''
ac_cv_env_VALGRIND_LIBS_value=''
ac_cv_env_XMKMF_set=''
ac_cv_env_XMKMF_value=''
ac_cv_env_build_alias_set=''
ac_cv_env_build_alias_value=''
ac_cv_env_host_alias_set=''
ac_cv_env_host_alias_value=''
ac_cv_env_target_alias_set=''
ac_cv_env_target_alias_value=''
ac_cv_header_stdc='yes'
ac_cv_header_stdlib_h='yes'
ac_cv_header_string_h='yes'
ac_cv_header_sys_stat_h='yes'
ac_cv_header_sys_types_h='yes'
ac_cv_host='x86_64-pc-linux-musl'
ac_cv_objext='o'
ac_cv_path_EGREP='/usr/bin/grep -E'
ac_cv_path_GREP='/usr/bin/grep'
ac_cv_path_install='/usr/bin/install -c'
ac_cv_prog_AWK='awk'
ac_cv_prog_CPP='gcc -E'
ac_cv_prog_ac_ct_CC='gcc'
ac_cv_prog_ac_ct_CXX='g++'
ac_cv_prog_cc_c89=''
ac_cv_prog_cc_g='yes'
ac_cv_prog_cxx_g='yes'
ac_cv_prog_make_make_set='yes'
am_cv_CC_dependencies_compiler_type='gcc3'
am_cv_CXX_dependencies_compiler_type='gcc3'
am_cv_make_support_nested_variables='yes'
am_cv_prog_cc_c_o='yes'
am_cv_prog_tar_ustar='none'

## ----------------- ##
## Output variables. ##
## ----------------- ##

ACLOCAL='${SHELL} /kiss-dbus/kiss-dbus/dbus/dbus-1.13.14/build-aux/missing aclocal-1.16'
ADT_LIBS=''
AMDEPBACKSLASH='\'
AMDEP_FALSE='#'
AMDEP_TRUE=''
AMTAR='$${TAR-tar}'
AM_BACKSLASH='\'
AM_DEFAULT_V='$(AM_DEFAULT_VERBOSITY)'
AM_DEFAULT_VERBOSITY='0'
AM_V='$(V)'
APPARMOR_2_10_CFLAGS=''
APPARMOR_2_10_LIBS=''
APPARMOR_CFLAGS=''
APPARMOR_LIBS=''
AR=''
AUTOCONF='${SHELL} /kiss-dbus/kiss-dbus/dbus/dbus-1.13.14/build-aux/missing autoconf'
AUTOHEADER='${SHELL} /kiss-dbus/kiss-dbus/dbus/dbus-1.13.14/build-aux/missing autoheader'
AUTOMAKE='${SHELL} /kiss-dbus/kiss-dbus/dbus/dbus-1.13.14/build-aux/missing automake-1.16'
AWK='awk'
BUILD_FILEVERSION=''
BUILD_TIMESTAMP=''
CC='gcc'
CCDEPMODE='depmode=gcc3'
CFLAGS='-march=x86-64 -mtune=generic -pipe -Os'
CFLAG_VISIBILITY=''
CODE_COVERAGE_CFLAGS=''
CODE_COVERAGE_CPPFLAGS=''
CODE_COVERAGE_CXXFLAGS=''
CODE_COVERAGE_ENABLED=''
CODE_COVERAGE_ENABLED_FALSE=''
CODE_COVERAGE_ENABLED_TRUE=''
CODE_COVERAGE_LIBS=''
CPP='gcc -E'
CPPFLAGS=''
CXX='g++'
CXXCPP=''
CXXDEPMODE='depmode=gcc3'
CXXFLAGS='-march=x86-64 -mtune=generic -pipe -Os'
CYGPATH_W='echo'
DATADIR_FROM_PKGSYSCONFDIR=''
DBUS_BINDIR=''
DBUS_BUS_ENABLE_INOTIFY_FALSE=''
DBUS_BUS_ENABLE_INOTIFY_TRUE=''
DBUS_BUS_ENABLE_KQUEUE_FALSE=''
DBUS_BUS_ENABLE_KQUEUE_TRUE=''
DBUS_CAN_UPLOAD_DOCS_FALSE=''
DBUS_CAN_UPLOAD_DOCS_TRUE=''
DBUS_CONSOLE_OWNER_FILE=''
DBUS_CYGWIN_FALSE=''
DBUS_CYGWIN_TRUE=''
DBUS_DAEMONDIR=''
DBUS_DATADIR=''
DBUS_DOXYGEN_DOCS_ENABLED_FALSE=''
DBUS_DOXYGEN_DOCS_ENABLED_TRUE=''
DBUS_DUCKTYPE_DOCS_ENABLED_FALSE=''
DBUS_DUCKTYPE_DOCS_ENABLED_TRUE=''
DBUS_ENABLE_EMBEDDED_TESTS_FALSE=''
DBUS_ENABLE_EMBEDDED_TESTS_TRUE=''
DBUS_ENABLE_INSTALLED_TESTS_FALSE=''
DBUS_ENABLE_INSTALLED_TESTS_TRUE=''
DBUS_ENABLE_LAUNCHD_FALSE=''
DBUS_ENABLE_LAUNCHD_TRUE=''
DBUS_ENABLE_MODULAR_TESTS_FALSE=''
DBUS_ENABLE_MODULAR_TESTS_TRUE=''
DBUS_ENABLE_USER_SESSION_FALSE=''
DBUS_ENABLE_USER_SESSION_TRUE=''
DBUS_ENABLE_X11_AUTOLAUNCH_FALSE=''
DBUS_ENABLE_X11_AUTOLAUNCH_TRUE=''
DBUS_GENERATE_MAN=''
DBUS_HAVE_LINUX_EPOLL_FALSE=''
DBUS_HAVE_LINUX_EPOLL_TRUE=''
DBUS_HAVE_XSLTPROC_FALSE=''
DBUS_HAVE_XSLTPROC_TRUE=''
DBUS_INT16_TYPE=''
DBUS_INT32_TYPE=''
DBUS_INT64_CONSTANT=''
DBUS_INT64_TYPE=''
DBUS_LIBEXECDIR=''
DBUS_MAJOR_VERSION='1'
DBUS_MICRO_VERSION='14'
DBUS_MINOR_VERSION='13'
DBUS_PREFIX=''
DBUS_SESSION_BUS_CONNECT_ADDRESS=''
DBUS_SESSION_BUS_LISTEN_ADDRESS=''
DBUS_SESSION_CONF_MAYBE_AUTH_EXTERNAL=''
DBUS_SESSION_SOCKET_DIR=''
DBUS_STATIC_BUILD_CPPFLAGS=''
DBUS_SYSTEM_BUS_DEFAULT_ADDRESS=''
DBUS_SYSTEM_PID_FILE=''
DBUS_SYSTEM_SOCKET=''
DBUS_TEST_DATA=''
DBUS_TEST_EXEC=''
DBUS_TEST_USER=''
DBUS_UINT64_CONSTANT=''
DBUS_UNIX_FALSE=''
DBUS_UNIX_TRUE=''
DBUS_USER=''
DBUS_VERSION='1.13.14'
DBUS_VER_FILE_TYPE=''
DBUS_VER_INTERNAL_NAME=''
DBUS_VER_ORIGINAL_NAME=''
DBUS_WINCE_FALSE=''
DBUS_WINCE_TRUE=''
DBUS_WIN_FALSE=''
DBUS_WIN_TRUE=''
DBUS_WITH_GLIB_FALSE=''
DBUS_WITH_GLIB_TRUE=''
DBUS_XML_DOCS_ENABLED_FALSE=''
DBUS_XML_DOCS_ENABLED_TRUE=''
DBUS_X_CFLAGS=''
DBUS_X_LIBS=''
DEFS=''
DEPDIR='.deps'
DLLTOOL=''
DOXYGEN=''
DSYMUTIL=''
DUCKTYPE=''
DUMPBIN=''
ECHO_C=''
ECHO_N='-n'
ECHO_T=''
EGREP='/usr/bin/grep -E'
ENABLE_TRADITIONAL_ACTIVATION_FALSE=''
ENABLE_TRADITIONAL_ACTIVATION_TRUE=''
EXEEXT=''
EXPANDED_BINDIR=''
EXPANDED_DATADIR=''
EXPANDED_LIBDIR=''
EXPANDED_LIBEXECDIR=''
EXPANDED_LOCALSTATEDIR=''
EXPANDED_PREFIX=''
EXPANDED_RUNSTATEDIR=''
EXPANDED_SYSCONFDIR=''
EXPAT_CFLAGS=''
EXPAT_LIBS=''
EXTRA_CFLAGS=''
EXTRA_CXXFLAGS=''
EXTRA_LDFLAGS=''
FGREP=''
GCOV=''
GENHTML=''
GETTEXT_PACKAGE='dbus-1'
GIO_UNIX_CFLAGS=''
GIO_UNIX_LIBS=''
GLIB_CFLAGS=''
GLIB_LIBS=''
GREP='/usr/bin/grep'
HAVE_CONSOLE_OWNER_FILE_FALSE=''
HAVE_CONSOLE_OWNER_FILE_TRUE=''
HAVE_LD_VERSION_SCRIPT_FALSE=''
HAVE_LD_VERSION_SCRIPT_TRUE=''
HAVE_LIBAUDIT_FALSE=''
HAVE_LIBAUDIT_TRUE=''
HAVE_SELINUX_FALSE=''
HAVE_SELINUX_TRUE=''
HAVE_SYSTEMD_FALSE=''
HAVE_SYSTEMD_TRUE=''
HAVE_VISIBILITY=''
HAVE_VISIBILITY_FALSE=''
HAVE_VISIBILITY_TRUE=''
INSTALL_DATA='${INSTALL} -m 644'
INSTALL_PROGRAM='${INSTALL}'
INSTALL_SCRIPT='${INSTALL}'
INSTALL_STRIP_PROGRAM='$(install_sh) -c -s'
LAUNCHCTL=''
LAUNCHD_AGENT_DIR=''
LCOV=''
LD=''
LDFLAGS=''
LIBDBUS_LIBS=''
LIBOBJS=''
LIBS=''
LIBTOOL=''
LIPO=''
LN_S=''
LTLIBOBJS=''
LT_AGE='27'
LT_CURRENT='30'
LT_REVISION='0'
LT_SYS_LIBRARY_PATH=''
MAINT=''
MAINTAINER_MODE_FALSE='#'
MAINTAINER_MODE_TRUE=''
MAKEINFO='${SHELL} /kiss-dbus/kiss-dbus/dbus/dbus-1.13.14/build-aux/missing makeinfo'
MANIFEST_TOOL=''
MKDIR_P='build-aux/install-sh -c -d'
NETWORK_libs=''
NM=''
NMEDIT=''
OBJDUMP=''
OBJEXT='o'
OTOOL64=''
OTOOL=''
PACKAGE='dbus'
PACKAGE_BUGREPORT='https://gitlab.freedesktop.org/dbus/dbus/issues'
PACKAGE_NAME='dbus'
PACKAGE_STRING='dbus 1.13.14'
PACKAGE_TARNAME='dbus'
PACKAGE_URL=''
PACKAGE_VERSION='1.13.14'
PATH_SEPARATOR=':'
PKG_CONFIG=''
RANLIB=''
RC=''
R_DYNAMIC_LDFLAG=''
SANITIZE_CFLAGS=''
SED=''
SELINUX_CFLAGS=''
SELINUX_LIBS=''
SET_MAKE=''
SHELL='/bin/sh'
SOVERSION='3'
STRIP=''
SYSCONFDIR_FROM_PKGDATADIR=''
SYSTEMCTL=''
SYSTEMD_CFLAGS=''
SYSTEMD_LIBS=''
TEST_LAUNCH_HELPER_BINARY=''
TEST_LISTEN=''
TEST_SOCKET_DIR=''
THREAD_LIBS=''
VALGRIND_CFLAGS=''
VALGRIND_LIBS=''
VERSION='1.13.14'
WARN_CFLAGS=''
WARN_CXXFLAGS=''
WARN_LDFLAGS=''
WARN_SCANNERFLAGS=''
XMKMF=''
XMLTO=''
XSLTPROC=''
X_CFLAGS=''
X_EXTRA_LIBS=''
X_LIBS=''
X_PRE_LIBS=''
YELP_BUILD=''
ac_ct_AR=''
ac_ct_CC='gcc'
ac_ct_CXX='g++'
ac_ct_DUMPBIN=''
am__EXEEXT_FALSE=''
am__EXEEXT_TRUE=''
am__fastdepCC_FALSE='#'
am__fastdepCC_TRUE=''
am__fastdepCXX_FALSE='#'
am__fastdepCXX_TRUE=''
am__include='include'
am__isrc=''
am__leading_dot='.'
am__nodep='_no'
am__quote=''
am__tar='false'
am__untar='false'
bindir='${exec_prefix}/bin'
build='x86_64-pc-linux-musl'
build_alias=''
build_cpu='x86_64'
build_os='linux-musl'
build_vendor='pc'
datadir='${datarootdir}'
datarootdir='${prefix}/share'
dbus_daemondir=''
docdir='${datarootdir}/doc/${PACKAGE_TARNAME}'
dvidir='${docdir}'
exec_prefix='NONE'
host='x86_64-pc-linux-musl'
host_alias=''
host_cpu='x86_64'
host_os='linux-musl'
host_vendor='pc'
htmldir='${docdir}'
ifGNUmake=''
ifnGNUmake=''
includedir='${prefix}/include'
infodir='${datarootdir}/info'
install_sh='${SHELL} /kiss-dbus/kiss-dbus/dbus/dbus-1.13.14/build-aux/install-sh'
libdir='${exec_prefix}/lib'
libexecdir='${exec_prefix}/libexec'
localedir='${datarootdir}/locale'
localstatedir='/var'
mandir='${datarootdir}/man'
mkdir_p='$(MKDIR_P)'
oldincludedir='/usr/include'
pdfdir='${docdir}'
pkgconfig_prefix=''
prefix='/usr'
program_transform_name='s,x,x,'
psdir='${docdir}'
runstatedir='${localstatedir}/run'
sbindir='${exec_prefix}/sbin'
sharedstatedir='${prefix}/com'
sysconfdir='/etc'
systemdsystemunitdir=''
systemduserunitdir=''
target_alias=''

## ----------- ##
## confdefs.h. ##
## ----------- ##

/* confdefs.h */
#define PACKAGE_NAME "dbus"
#define PACKAGE_TARNAME "dbus"
#define PACKAGE_VERSION "1.13.14"
#define PACKAGE_STRING "dbus 1.13.14"
#define PACKAGE_BUGREPORT "https://gitlab.freedesktop.org/dbus/dbus/issues"
#define PACKAGE_URL ""
#define PACKAGE "dbus"
#define VERSION "1.13.14"
#define GETTEXT_PACKAGE "dbus-1"
#define DBUS_DAEMON_NAME "dbus-daemon"
#define NDEBUG 1
#define STDC_HEADERS 1
#define HAVE_SYS_TYPES_H 1
#define HAVE_SYS_STAT_H 1
#define HAVE_STDLIB_H 1
#define HAVE_STRING_H 1

configure: caught signal 2
configure: exit 1
